nohup: ignoring input

  .   ____          _            __ _ _
 /\\ / ___'_ __ _ _(_)_ __  __ _ \ \ \ \
( ( )\___ | '_ | '_| | '_ \/ _` | \ \ \ \
 \\/  ___)| |_)| | | | | || (_| |  ) ) ) )
  '  |____| .__|_| |_|_| |_\__, | / / / /
 =========|_|==============|___/=/_/_/_/

 :: Spring Boot ::                (v3.3.3)

2025-09-01T22:15:28.897Z  INFO 3606 --- [           main] c.e.gestionrh.GestionRhApplication       : Starting GestionRhApplication v0.0.1-SNAPSHOT using Java 21.0.7 with PID 3606 (/workspace/GestionRH/target/GestionRH-0.0.1-SNAPSHOT.jar started by ubuntu in /workspace/GestionRH)
2025-09-01T22:15:28.899Z  INFO 3606 --- [           main] c.e.gestionrh.GestionRhApplication       : No active profile set, falling back to 1 default profile: "default"
2025-09-01T22:15:29.643Z  INFO 3606 --- [           main] .s.d.r.c.RepositoryConfigurationDelegate : Bootstrapping Spring Data JPA repositories in DEFAULT mode.
2025-09-01T22:15:29.680Z  INFO 3606 --- [           main] .s.d.r.c.RepositoryConfigurationDelegate : Finished Spring Data repository scanning in 31 ms. Found 3 JPA repository interfaces.
2025-09-01T22:15:30.043Z  INFO 3606 --- [           main] o.s.b.w.embedded.tomcat.TomcatWebServer  : Tomcat initialized with port 8080 (http)
2025-09-01T22:15:30.051Z  INFO 3606 --- [           main] o.apache.catalina.core.StandardService   : Starting service [Tomcat]
2025-09-01T22:15:30.051Z  INFO 3606 --- [           main] o.apache.catalina.core.StandardEngine    : Starting Servlet engine: [Apache Tomcat/10.1.28]
2025-09-01T22:15:30.070Z  INFO 3606 --- [           main] o.a.c.c.C.[Tomcat].[localhost].[/]       : Initializing Spring embedded WebApplicationContext
2025-09-01T22:15:30.070Z  INFO 3606 --- [           main] w.s.c.ServletWebServerApplicationContext : Root WebApplicationContext: initialization completed in 1134 ms
2025-09-01T22:15:30.090Z  INFO 3606 --- [           main] com.zaxxer.hikari.HikariDataSource       : HikariPool-1 - Starting...
2025-09-01T22:15:30.230Z  INFO 3606 --- [           main] com.zaxxer.hikari.pool.HikariPool        : HikariPool-1 - Added connection conn0: url=jdbc:h2:mem:testdb user=SA
2025-09-01T22:15:30.232Z  INFO 3606 --- [           main] com.zaxxer.hikari.HikariDataSource       : HikariPool-1 - Start completed.
2025-09-01T22:15:30.240Z  INFO 3606 --- [           main] o.s.b.a.h2.H2ConsoleAutoConfiguration    : H2 console available at '/h2-console'. Database available at 'jdbc:h2:mem:testdb'
2025-09-01T22:15:30.325Z  INFO 3606 --- [           main] o.hibernate.jpa.internal.util.LogHelper  : HHH000204: Processing PersistenceUnitInfo [name: default]
2025-09-01T22:15:30.358Z  INFO 3606 --- [           main] org.hibernate.Version                    : HHH000412: Hibernate ORM core version 6.5.2.Final
2025-09-01T22:15:30.380Z  INFO 3606 --- [           main] o.h.c.internal.RegionFactoryInitiator    : HHH000026: Second-level cache disabled
2025-09-01T22:15:30.557Z  INFO 3606 --- [           main] o.s.o.j.p.SpringPersistenceUnitInfo      : No LoadTimeWeaver setup: ignoring JPA class transformer
2025-09-01T22:15:31.275Z  INFO 3606 --- [           main] o.h.e.t.j.p.i.JtaPlatformInitiator       : HHH000489: No JTA platform available (set 'hibernate.transaction.jta.platform' to enable JTA platform integration)
Hibernate: 
    drop table if exists collaborateurs cascade 
Hibernate: 
    drop table if exists conges cascade 
Hibernate: 
    drop table if exists horaires cascade 
Hibernate: 
    create table collaborateurs (
        id bigint generated by default as identity,
        email varchar(255) unique,
        nom varchar(255) not null,
        poste varchar(255) not null,
        prenom varchar(255) not null,
        role enum ('ADMIN','COLLABORATEUR'),
        primary key (id)
    )
Hibernate: 
    create table conges (
        date_debut date not null,
        date_fin date not null,
        collaborateur_id bigint,
        id bigint generated by default as identity,
        statut enum ('EN_ATTENTE','REJETE','VALIDE'),
        type enum ('MALADIE','MATERNITE','PATERNITE','PAYE','RTT','SANS_SOLDE'),
        primary key (id)
    )
Hibernate: 
    create table horaires (
        date date not null,
        heure_debut time(6) not null,
        heure_fin time(6) not null,
        collaborateur_id bigint,
        id bigint generated by default as identity,
        primary key (id)
    )
Hibernate: 
    alter table if exists conges 
       add constraint FKrxn44mc6h50ngt61r7o41ylr7 
       foreign key (collaborateur_id) 
       references collaborateurs
Hibernate: 
    alter table if exists horaires 
       add constraint FKktbvxkb7rntodu44jif74ncge 
       foreign key (collaborateur_id) 
       references collaborateurs
2025-09-01T22:15:31.315Z  INFO 3606 --- [           main] j.LocalContainerEntityManagerFactoryBean : Initialized JPA EntityManagerFactory for persistence unit 'default'
2025-09-01T22:15:31.622Z  INFO 3606 --- [           main] eAuthenticationProviderManagerConfigurer : Global AuthenticationManager configured with AuthenticationProvider bean with name authenticationProvider
2025-09-01T22:15:31.622Z  WARN 3606 --- [           main] r$InitializeUserDetailsManagerConfigurer : Global AuthenticationManager configured with an AuthenticationProvider bean. UserDetailsService beans will not be used for username/password login. Consider removing the AuthenticationProvider bean. Alternatively, consider using the UserDetailsService in a manually instantiated DaoAuthenticationProvider.
2025-09-01T22:15:31.699Z  WARN 3606 --- [           main] JpaBaseConfiguration$JpaWebConfiguration : spring.jpa.open-in-view is enabled by default. Therefore, database queries may be performed during view rendering. Explicitly configure spring.jpa.open-in-view to disable this warning
2025-09-01T22:15:32.091Z  INFO 3606 --- [           main] o.s.b.w.embedded.tomcat.TomcatWebServer  : Tomcat started on port 8080 (http) with context path '/'
2025-09-01T22:15:32.103Z  INFO 3606 --- [           main] c.e.gestionrh.GestionRhApplication       : Started GestionRhApplication in 3.448 seconds (process running for 3.79)
Hibernate: 
    select
        count(*) 
    from
        collaborateurs c1_0
Hibernate: 
    insert 
    into
        collaborateurs
        (email, nom, poste, prenom, role, id) 
    values
        (?, ?, ?, ?, ?, default)
Hibernate: 
    insert 
    into
        collaborateurs
        (email, nom, poste, prenom, role, id) 
    values
        (?, ?, ?, ?, ?, default)
Hibernate: 
    insert 
    into
        horaires
        (collaborateur_id, date, heure_debut, heure_fin, id) 
    values
        (?, ?, ?, ?, default)
Hibernate: 
    insert 
    into
        horaires
        (collaborateur_id, date, heure_debut, heure_fin, id) 
    values
        (?, ?, ?, ?, default)
Hibernate: 
    insert 
    into
        conges
        (collaborateur_id, date_debut, date_fin, statut, type, id) 
    values
        (?, ?, ?, ?, ?, default)
2025-09-01T22:15:39.281Z  INFO 3606 --- [nio-8080-exec-1] o.a.c.c.C.[Tomcat].[localhost].[/]       : Initializing Spring DispatcherServlet 'dispatcherServlet'
2025-09-01T22:15:39.281Z  INFO 3606 --- [nio-8080-exec-1] o.s.web.servlet.DispatcherServlet        : Initializing Servlet 'dispatcherServlet'
2025-09-01T22:15:39.283Z  INFO 3606 --- [nio-8080-exec-1] o.s.web.servlet.DispatcherServlet        : Completed initialization in 1 ms
2025-09-01T22:15:43.046Z  INFO 3606 --- [nio-8080-exec-4] o.springdoc.api.AbstractOpenApiResource  : Init duration for springdoc-openapi is: 348 ms
2025-09-01T22:34:44.706Z  WARN 3606 --- [l-1 housekeeper] com.zaxxer.hikari.pool.HikariPool        : HikariPool-1 - Thread starvation or clock leap detected (housekeeper delta=5m14s359ms799µs34ns).
