nohup: ignoring input

  .   ____          _            __ _ _
 /\\ / ___'_ __ _ _(_)_ __  __ _ \ \ \ \
( ( )\___ | '_ | '_| | '_ \/ _` | \ \ \ \
 \\/  ___)| |_)| | | | | || (_| |  ) ) ) )
  '  |____| .__|_| |_|_| |_\__, | / / / /
 =========|_|==============|___/=/_/_/_/

 :: Spring Boot ::                (v3.3.3)

2025-09-02T02:19:00.782Z  INFO 28323 --- [           main] c.e.gestionrh.GestionRhApplication       : Starting GestionRhApplication v0.0.1-SNAPSHOT using Java 21.0.7 with PID 28323 (/workspace/gestionrh-boot/target/gestionrh-boot-0.0.1-SNAPSHOT.jar started by ubuntu in /workspace/gestionrh-boot)
2025-09-02T02:19:00.787Z  INFO 28323 --- [           main] c.e.gestionrh.GestionRhApplication       : No active profile set, falling back to 1 default profile: "default"
2025-09-02T02:19:01.520Z  INFO 28323 --- [           main] .s.d.r.c.RepositoryConfigurationDelegate : Bootstrapping Spring Data JPA repositories in DEFAULT mode.
2025-09-02T02:19:01.557Z  INFO 28323 --- [           main] .s.d.r.c.RepositoryConfigurationDelegate : Finished Spring Data repository scanning in 32 ms. Found 3 JPA repository interfaces.
2025-09-02T02:19:01.937Z  INFO 28323 --- [           main] o.s.b.w.embedded.tomcat.TomcatWebServer  : Tomcat initialized with port 8080 (http)
2025-09-02T02:19:01.946Z  INFO 28323 --- [           main] o.apache.catalina.core.StandardService   : Starting service [Tomcat]
2025-09-02T02:19:01.946Z  INFO 28323 --- [           main] o.apache.catalina.core.StandardEngine    : Starting Servlet engine: [Apache Tomcat/10.1.28]
2025-09-02T02:19:01.964Z  INFO 28323 --- [           main] o.a.c.c.C.[Tomcat].[localhost].[/]       : Initializing Spring embedded WebApplicationContext
2025-09-02T02:19:01.965Z  INFO 28323 --- [           main] w.s.c.ServletWebServerApplicationContext : Root WebApplicationContext: initialization completed in 1136 ms
2025-09-02T02:19:01.985Z  INFO 28323 --- [           main] com.zaxxer.hikari.HikariDataSource       : HikariPool-1 - Starting...
2025-09-02T02:19:02.117Z  INFO 28323 --- [           main] com.zaxxer.hikari.pool.HikariPool        : HikariPool-1 - Added connection conn0: url=jdbc:h2:mem:testdb user=SA
2025-09-02T02:19:02.119Z  INFO 28323 --- [           main] com.zaxxer.hikari.HikariDataSource       : HikariPool-1 - Start completed.
2025-09-02T02:19:02.126Z  INFO 28323 --- [           main] o.s.b.a.h2.H2ConsoleAutoConfiguration    : H2 console available at '/h2-console'. Database available at 'jdbc:h2:mem:testdb'
2025-09-02T02:19:02.201Z  INFO 28323 --- [           main] o.hibernate.jpa.internal.util.LogHelper  : HHH000204: Processing PersistenceUnitInfo [name: default]
2025-09-02T02:19:02.232Z  INFO 28323 --- [           main] org.hibernate.Version                    : HHH000412: Hibernate ORM core version 6.5.2.Final
2025-09-02T02:19:02.251Z  INFO 28323 --- [           main] o.h.c.internal.RegionFactoryInitiator    : HHH000026: Second-level cache disabled
2025-09-02T02:19:02.425Z  INFO 28323 --- [           main] o.s.o.j.p.SpringPersistenceUnitInfo      : No LoadTimeWeaver setup: ignoring JPA class transformer
2025-09-02T02:19:03.008Z  INFO 28323 --- [           main] o.h.e.t.j.p.i.JtaPlatformInitiator       : HHH000489: No JTA platform available (set 'hibernate.transaction.jta.platform' to enable JTA platform integration)
Hibernate: 
    drop table if exists collaborateurs cascade 
Hibernate: 
    drop table if exists conges cascade 
Hibernate: 
    drop table if exists horaires cascade 
Hibernate: 
    create table collaborateurs (
        id bigint generated by default as identity,
        email varchar(255) unique,
        nom varchar(255) not null,
        poste varchar(255) not null,
        prenom varchar(255) not null,
        role enum ('ADMIN','COLLABORATEUR'),
        primary key (id)
    )
Hibernate: 
    create table conges (
        date_debut date,
        date_fin date,
        collaborateur_id bigint,
        id bigint generated by default as identity,
        statut enum ('EN_ATTENTE','REJETE','VALIDE'),
        type enum ('MALADIE','MATERNITE','PATERNITE','PAYE','RTT','SANS_SOLDE'),
        primary key (id)
    )
Hibernate: 
    create table horaires (
        date date,
        heure_debut time(6),
        heure_fin time(6),
        collaborateur_id bigint,
        id bigint generated by default as identity,
        primary key (id)
    )
Hibernate: 
    alter table if exists conges 
       add constraint FKrxn44mc6h50ngt61r7o41ylr7 
       foreign key (collaborateur_id) 
       references collaborateurs
Hibernate: 
    alter table if exists horaires 
       add constraint FKktbvxkb7rntodu44jif74ncge 
       foreign key (collaborateur_id) 
       references collaborateurs
2025-09-02T02:19:03.057Z  INFO 28323 --- [           main] j.LocalContainerEntityManagerFactoryBean : Initialized JPA EntityManagerFactory for persistence unit 'default'
2025-09-02T02:19:03.301Z  INFO 28323 --- [           main] eAuthenticationProviderManagerConfigurer : Global AuthenticationManager configured with AuthenticationProvider bean with name authenticationProvider
2025-09-02T02:19:03.302Z  WARN 28323 --- [           main] r$InitializeUserDetailsManagerConfigurer : Global AuthenticationManager configured with an AuthenticationProvider bean. UserDetailsService beans will not be used for username/password login. Consider removing the AuthenticationProvider bean. Alternatively, consider using the UserDetailsService in a manually instantiated DaoAuthenticationProvider.
2025-09-02T02:19:03.366Z  WARN 28323 --- [           main] JpaBaseConfiguration$JpaWebConfiguration : spring.jpa.open-in-view is enabled by default. Therefore, database queries may be performed during view rendering. Explicitly configure spring.jpa.open-in-view to disable this warning
2025-09-02T02:19:03.416Z  INFO 28323 --- [           main] o.s.b.a.w.s.WelcomePageHandlerMapping    : Adding welcome page: class path resource [static/index.html]
2025-09-02T02:19:03.731Z  WARN 28323 --- [           main] ConfigServletWebServerApplicationContext : Exception encountered during context initialization - cancelling refresh attempt: org.springframework.context.ApplicationContextException: Failed to start bean 'webServerStartStop'
2025-09-02T02:19:03.733Z  INFO 28323 --- [           main] j.LocalContainerEntityManagerFactoryBean : Closing JPA EntityManagerFactory for persistence unit 'default'
Hibernate: 
    drop table if exists collaborateurs cascade 
Hibernate: 
    drop table if exists conges cascade 
Hibernate: 
    drop table if exists horaires cascade 
2025-09-02T02:19:03.736Z  INFO 28323 --- [           main] com.zaxxer.hikari.HikariDataSource       : HikariPool-1 - Shutdown initiated...
2025-09-02T02:19:03.738Z  INFO 28323 --- [           main] com.zaxxer.hikari.HikariDataSource       : HikariPool-1 - Shutdown completed.
2025-09-02T02:19:03.745Z  INFO 28323 --- [           main] .s.b.a.l.ConditionEvaluationReportLogger : 

Error starting ApplicationContext. To display the condition evaluation report re-run your application with 'debug' enabled.
2025-09-02T02:19:03.754Z ERROR 28323 --- [           main] o.s.b.d.LoggingFailureAnalysisReporter   : 

***************************
APPLICATION FAILED TO START
***************************

Description:

Web server failed to start. Port 8080 was already in use.

Action:

Identify and stop the process that's listening on port 8080 or configure this application to listen on another port.

